<?xml version="1.0" encoding="UTF-8"?>
<!-- Generated by org.testng.reporters.JUnitReportReporter -->
<testsuite hostname="97695a8f5bfc509" failures="0" tests="2" name="stepdefinition.testcase1_login" time="8.511" errors="0" timestamp="2025-11-24T23:05:59 IST" skipped="0">
  <testcase classname="stepdefinition.testcase1_login" name="the_user_in_the_login_page_to_login_with_Invalid_details" time="4.662"/>
  <system-out/>
  <testcase classname="stepdefinition.testcase1_login" name="the_user_in_the_login_page_to_login_with_valid_details" time="3.849"/>
  <system-out/>
</testsuite> <!-- stepdefinition.testcase1_login -->
