<?xml version="1.0" encoding="UTF-8"?>
<testng-results ignored="0" total="1" passed="0" failed="1" skipped="0">
  <reporter-output>
  </reporter-output>
  <suite started-at="2025-11-25T01:18:31 IST" name="Default suite" finished-at="2025-11-25T01:18:36 IST" duration-ms="4733">
    <groups>
    </groups>
    <test started-at="2025-11-25T01:18:31 IST" name="Default test" finished-at="2025-11-25T01:18:36 IST" duration-ms="4733">
      <class name="stepdefinition.testcase2_price">
        <test-method is-config="true" signature="launchbrowser()[pri:0, instance:stepdefinition.testcase2_price@4f209819]" started-at="2025-11-25T01:18:31 IST" name="launchbrowser" finished-at="2025-11-25T01:18:35 IST" duration-ms="4458" status="PASS">
          <reporter-output>
          </reporter-output>
        </test-method> <!-- launchbrowser -->
        <test-method signature="the_user_edits_the_price_range_from_maximum_and_minimum_limit()[pri:0, instance:stepdefinition.testcase2_price@4f209819]" started-at="2025-11-25T01:18:35 IST" name="the_user_edits_the_price_range_from_maximum_and_minimum_limit" finished-at="2025-11-25T01:18:35 IST" duration-ms="12" status="FAIL">
          <exception class="org.openqa.selenium.InvalidSelectorException">
            <message>
              <![CDATA[Compound class names not permitted
For documentation on this error, please visit: https://www.selenium.dev/documentation/webdriver/troubleshooting/errors#invalidselectorexception
Build info: version: '4.38.0', revision: '6b412e825c*'
System info: os.name: 'Windows 10', os.arch: 'amd64', os.version: '10.0', java.version: '21.0.8'
Driver info: driver.version: unknown]]>
            </message>
            <full-stacktrace>
              <![CDATA[org.openqa.selenium.InvalidSelectorException: Compound class names not permitted
For documentation on this error, please visit: https://www.selenium.dev/documentation/webdriver/troubleshooting/errors#invalidselectorexception
Build info: version: '4.38.0', revision: '6b412e825c*'
System info: os.name: 'Windows 10', os.arch: 'amd64', os.version: '10.0', java.version: '21.0.8'
Driver info: driver.version: unknown
at org.openqa.selenium.By$ByClassName.<init>(By.java:313)
at org.openqa.selenium.By.className(By.java:103)
at pageObject.speakerpage.setMinprice(speakerpage.java:14)
at stepdefinition.testcase2_price.the_user_edits_the_price_range_from_maximum_and_minimum_limit(testcase2_price.java:27)
at java.base/jdk.internal.reflect.DirectMethodHandleAccessor.invoke(DirectMethodHandleAccessor.java:103)
at java.base/java.lang.reflect.Method.invoke(Method.java:580)
at org.testng.internal.MethodInvocationHelper.invokeMethod(MethodInvocationHelper.java:134)
at org.testng.internal.TestInvoker.invokeMethod(TestInvoker.java:597)
at org.testng.internal.TestInvoker.invokeTestMethod(TestInvoker.java:173)
at org.testng.internal.MethodRunner.runInSequence(MethodRunner.java:46)
at org.testng.internal.TestInvoker$MethodInvocationAgent.invoke(TestInvoker.java:816)
at org.testng.internal.TestInvoker.invokeTestMethods(TestInvoker.java:146)
at org.testng.internal.TestMethodWorker.invokeTestMethods(TestMethodWorker.java:146)
at org.testng.internal.TestMethodWorker.run(TestMethodWorker.java:128)
at java.base/java.util.ArrayList.forEach(ArrayList.java:1596)
at org.testng.TestRunner.privateRun(TestRunner.java:766)
at org.testng.TestRunner.run(TestRunner.java:587)
at org.testng.SuiteRunner.runTest(SuiteRunner.java:384)
at org.testng.SuiteRunner.runSequentially(SuiteRunner.java:378)
at org.testng.SuiteRunner.privateRun(SuiteRunner.java:337)
at org.testng.SuiteRunner.run(SuiteRunner.java:286)
at org.testng.SuiteRunnerWorker.runSuite(SuiteRunnerWorker.java:53)
at org.testng.SuiteRunnerWorker.run(SuiteRunnerWorker.java:96)
at org.testng.TestNG.runSuitesSequentially(TestNG.java:1187)
at org.testng.TestNG.runSuitesLocally(TestNG.java:1109)
at org.testng.TestNG.runSuites(TestNG.java:1039)
at org.testng.TestNG.run(TestNG.java:1007)
at org.testng.remote.AbstractRemoteTestNG.run(AbstractRemoteTestNG.java:115)
at org.testng.remote.RemoteTestNG.initAndRun(RemoteTestNG.java:293)
at org.testng.remote.RemoteTestNG.main(RemoteTestNG.java:91)
]]>
            </full-stacktrace>
          </exception> <!-- org.openqa.selenium.InvalidSelectorException -->
          <reporter-output>
          </reporter-output>
        </test-method> <!-- the_user_edits_the_price_range_from_maximum_and_minimum_limit -->
        <test-method is-config="true" signature="closebrowser()[pri:0, instance:stepdefinition.testcase2_price@4f209819]" started-at="2025-11-25T01:18:35 IST" name="closebrowser" finished-at="2025-11-25T01:18:36 IST" duration-ms="211" status="PASS">
          <reporter-output>
          </reporter-output>
        </test-method> <!-- closebrowser -->
      </class> <!-- stepdefinition.testcase2_price -->
    </test> <!-- Default test -->
  </suite> <!-- Default suite -->
</testng-results>
